<?xml version="1.0" encoding="UTF-8"?>
<!-- Generated by org.testng.reporters.JUnitXMLReporter -->
<testsuite hostname="DESKTOP-238J8OC" ignored="0" name="mytest" tests="2" failures="2" timestamp="22 May 2023 19:19:10 GMT" time="300.018" errors="0">
  <testcase name="verifyLoginBtnText" time="248.749" classname="testCases.LoginTestCases">
    <failure type="java.lang.NullPointerException">
      <![CDATA[java.lang.NullPointerException
at org.openqa.selenium.support.pagefactory.DefaultElementLocator.findElement(DefaultElementLocator.java:70)
at org.openqa.selenium.support.pagefactory.internal.LocatingElementHandler.invoke(LocatingElementHandler.java:39)
at com.sun.proxy.$Proxy14.getText(Unknown Source)
at pages.LoginPageObjects.getLoginButtonText(LoginPageObjects.java:35)
at testCases.LoginTestCases.verifyLoginBtnText(LoginTestCases.java:19)
... Removed 25 stack frames]]>
    </failure>
  </testcase> <!-- verifyLoginBtnText -->
  <testcase name="verifyLogin_ValidUser" time="36.823" classname="testCases.LoginTestCases">
    <failure type="java.lang.NullPointerException">
      <![CDATA[java.lang.NullPointerException
at org.openqa.selenium.support.pagefactory.DefaultElementLocator.findElement(DefaultElementLocator.java:70)
at org.openqa.selenium.support.pagefactory.internal.LocatingElementHandler.invoke(LocatingElementHandler.java:39)
at com.sun.proxy.$Proxy14.sendKeys(Unknown Source)
at pages.LoginPageObjects.inputUsrName(LoginPageObjects.java:40)
at pages.LoginPageObjects.performLogin(LoginPageObjects.java:56)
at testCases.LoginTestCases.verifyLogin_ValidUser(LoginTestCases.java:27)
... Removed 25 stack frames]]>
    </failure>
  </testcase> <!-- verifyLogin_ValidUser -->
</testsuite> <!-- mytest -->
